<?xml version="1.0" encoding="UTF-8"?>
<testsuites name="Mocha Tests" time="46.155" tests="5" failures="2">
  <testsuite name="Root Suite" timestamp="2022-10-16T18:55:09" tests="0" file="cypress/e2e/firstTest.spec.js" time="0.000" failures="0">
  </testsuite>
  <testsuite name="Test with backend" timestamp="2022-10-16T18:55:09" tests="5" time="46.120" failures="2">
    <testcase name="Test with backend verify correct request and response" time="5.496" classname="verify correct request and response">
    </testcase>
    <testcase name="Test with backend intercepting and modyfing the req and resp" time="4.115" classname="intercepting and modyfing the req and resp">
      <failure message="Cannot read properties of undefined (reading &apos;description&apos;)" type="TypeError"><![CDATA[TypeError: Cannot read properties of undefined (reading 'description')
    at eval (webpack:///./cypress/e2e/firstTest.spec.js:43:40)]]></failure>
    </testcase>
    <testcase name="Test with backend verify popular tags are displayed" time="1.948" classname="verify popular tags are displayed">
    </testcase>
    <testcase name="Test with backend verify global feed likes count" time="3.010" classname="verify global feed likes count">
    </testcase>
    <testcase name="Test with backend delete a new article in a global feed" time="7.438" classname="delete a new article in a global feed">
      <failure message="expected &apos;Api request 0.21&apos; to not equal &apos;Api request 0.21&apos;" type="AssertionError"><![CDATA[AssertionError: expected 'Api request 0.21' to not equal 'Api request 0.21'
    at Context.eval (webpack:///./cypress/e2e/firstTest.spec.js:148:54)

      + expected - actual

]]></failure>
    </testcase>
  </testsuite>
</testsuites>